  Limelight.cpp
c:\users\matjones\documents\github\cs370\cs370_assign03\cs370_assign3\vectorops.h(12): warning C4244: '=': conversion from 'double' to 'float', possible loss of data
c:\users\matjones\documents\github\cs370\cs370_assign03\cs370_assign3\shaderutils.h(20): warning C4996: 'open': The POSIX name for this item is deprecated. Instead, use the ISO C and C++ conformant name: _open. See online help for details.
  c:\program files (x86)\windows kits\10\include\10.0.10240.0\ucrt\corecrt_io.h(514): note: see declaration of 'open'
c:\users\matjones\documents\github\cs370\cs370_assign03\cs370_assign3\shaderutils.h(23): warning C4996: 'lseek': The POSIX name for this item is deprecated. Instead, use the ISO C and C++ conformant name: _lseek. See online help for details.
  c:\program files (x86)\windows kits\10\include\10.0.10240.0\ucrt\corecrt_io.h(501): note: see declaration of 'lseek'
c:\users\matjones\documents\github\cs370\cs370_assign03\cs370_assign3\shaderutils.h(24): warning C4996: 'close': The POSIX name for this item is deprecated. Instead, use the ISO C and C++ conformant name: _close. See online help for details.
  c:\program files (x86)\windows kits\10\include\10.0.10240.0\ucrt\corecrt_io.h(457): note: see declaration of 'close'
c:\users\matjones\documents\github\cs370\cs370_assign03\cs370_assign3\shaderutils.h(43): warning C4996: 'fopen': This function or variable may be unsafe. Consider using fopen_s instead. To disable deprecation, use _CRT_SECURE_NO_WARNINGS. See online help for details.
  c:\program files (x86)\windows kits\10\include\10.0.10240.0\ucrt\stdio.h(205): note: see declaration of 'fopen'
c:\users\matjones\documents\github\cs370\cs370_assign03\cs370_assign3\limelight.cpp(102): warning C4305: 'initializing': truncation from 'double' to 'GLfloat'
c:\users\matjones\documents\github\cs370\cs370_assign03\cs370_assign3\limelight.cpp(106): warning C4305: 'initializing': truncation from 'double' to 'GLfloat'
c:\users\matjones\documents\github\cs370\cs370_assign03\cs370_assign3\limelight.cpp(362): warning C4244: '=': conversion from 'int' to 'GLfloat', possible loss of data
c:\users\matjones\documents\github\cs370\cs370_assign03\cs370_assign3\limelight.cpp(363): warning C4244: '=': conversion from 'int' to 'GLfloat', possible loss of data
c:\users\matjones\documents\github\cs370\cs370_assign03\cs370_assign3\limelight.cpp(543): warning C4305: 'argument': truncation from 'double' to 'GLfloat'
c:\users\matjones\documents\github\cs370\cs370_assign03\cs370_assign3\limelight.cpp(600): warning C4244: 'argument': conversion from 'GLfloat' to 'GLsizei', possible loss of data
SOIL.lib(image_DXT.obj) : warning LNK4099: PDB 'vc100.pdb' was not found with 'SOIL.lib(image_DXT.obj)' or at 'C:\Users\MatJones\Documents\GitHub\cs370\CS370_Assign03\Debug\vc100.pdb'; linking object as if no debug info
SOIL.lib(image_helper.obj) : warning LNK4099: PDB 'vc100.pdb' was not found with 'SOIL.lib(image_helper.obj)' or at 'C:\Users\MatJones\Documents\GitHub\cs370\CS370_Assign03\Debug\vc100.pdb'; linking object as if no debug info
SOIL.lib(SOIL.obj) : warning LNK4099: PDB 'vc100.pdb' was not found with 'SOIL.lib(SOIL.obj)' or at 'C:\Users\MatJones\Documents\GitHub\cs370\CS370_Assign03\Debug\vc100.pdb'; linking object as if no debug info
SOIL.lib(stb_image_aug.obj) : warning LNK4099: PDB 'vc100.pdb' was not found with 'SOIL.lib(stb_image_aug.obj)' or at 'C:\Users\MatJones\Documents\GitHub\cs370\CS370_Assign03\Debug\vc100.pdb'; linking object as if no debug info
  CS370_Assign3.vcxproj -> C:\Users\MatJones\Documents\GitHub\cs370\CS370_Assign03\Debug\CS370_Assign3.exe
  CS370_Assign3.vcxproj -> C:\Users\MatJones\Documents\GitHub\cs370\CS370_Assign03\Debug\CS370_Assign3.pdb (Full PDB)
